frameId = 3657,
  frameAge = 0,
  frameDropPerc = 80.821854,
  timestampEof = 0,
  position = (
    x = [-0.38299251, -0.39140043, -0.38447946, -0.37910414, -0.37522459, -0.37202978, -0.37099886, -0.36646175, -0.36396503, -0.36291218, -0.35926247, -0.36315536, -0.35805511, -0.34890366, -0.35499191, -0.35396957, -0.35193253, -0.35797882, -0.34635925, -0.35907745, -0.36920929, -0.36685944, -0.35723114, -0.34851074, -0.36772919, -0.35497284, -0.3527298, -0.38607788, -0.3405304, -0.32196045, -0.30566406, -0.2651062, -0.264328],
    y = [-0.02499681, -0.024550205, -0.024707578, -0.022793982, -0.023438515, -0.023521524, -0.022422664, -0.021394152, -0.021219898, -0.022332124, -0.022971559, -0.023542944, -0.024483796, -0.027367638, -0.025764193, -0.028615098, -0.027110185, -0.029714823, -0.031708986, -0.03278714, -0.035110474, -0.037136972, -0.040301383, -0.043995753, -0.041850343, -0.04282948, -0.039117634, -0.037859708, -0.035698779, -0.035909876, -0.03815522, -0.035869494, -0.048517749],
    z = [0.00075867644, 0.00074398716, 0.00062047679, 0.00034606419, -0.00055768766, -0.0017659586, -0.0038771466, -0.00570162, -0.0079985205, -0.010026817, -0.012106884, -0.013680498, -0.015617993, -0.017137695, -0.01812683, -0.019546973, -0.020050362, -0.020408809, -0.019608378, -0.018256037, -0.018172268, -0.016933285, -0.015374104, -0.013153743, -0.011722205, -0.0094775185, -0.0063368045, -0.0042593256, -0.0043392032, -0.0024476349, -0.0035867915, -0.0026213974, -0.0038593262],
    t = [0, 0.00976562, 0.0390625, 0.087890618, 0.15625, 0.24414062, 0.3515625, 0.47851562, 0.625, 0.79101562, 0.9765625, 1.1816406, 1.40625, 1.6503906, 1.9140625, 2.1972656, 2.5, 2.8222656, 3.1640625, 3.5253906, 3.90625, 4.3066406, 4.7265625, 5.1660156, 5.625, 6.1035156, 6.6015625, 7.1191406, 7.65625, 8.2128906, 8.7890625, 9.3847656, 10],
    xStd = [-3.0417843, -3.164269, -3.1449218, -3.1264541, -3.1257913, -3.1189816, -3.1195469, -3.1229725, -3.1280079, -3.1441097, -3.1513176, -3.1575572, -3.1654482, -3.1711464, -3.1646113, -3.1629424, -3.1622448, -3.1603916, -3.1605055, -3.1616936, -3.1579363, -3.1362505, -3.1220071, -3.1417425, -3.1362319, -3.1356862, -3.1454716, -3.1189959, -3.1190729, -3.1451869, -3.1291041, -3.1402817, -3.1202042],
    yStd = [-4.1246572, -4.1231647, -4.1275911, -4.1282253, -4.1346955, -4.1390133, -4.1380463, -4.1494312, -4.1409521, -4.1337438, -4.1297131, -4.1211038, -4.1226048, -4.1190381, -4.1218309, -4.1218019, -4.1187038, -4.1011667, -4.1060505, -4.0990496, -4.1062441, -4.0921226, -4.095057, -4.0955896, -4.1012955, -4.0972619, -4.095089, -4.0914392, -4.0789762, -4.0746026, -4.0512943, -4.0308228, -4.0183244],
    zStd = [-6.9077625, -6.9077625, -6.9077716, -6.9083209, -6.8974962, -6.8128376, -6.7021, -6.5041485, -6.3384032, -6.1510372, -5.9810133, -5.863462, -5.7020092, -5.6125402, -5.5262194, -5.4686203, -5.4641218, -5.4409389, -5.4477625, -5.4898992, -5.508214, -5.5454645, -5.6085968, -5.63984, -5.6646957, -5.6642132, -5.6743984, -5.6503382, -5.6368489, -5.6267586, -5.6714754, -5.6698475, -5.6176591] ),
  orientation = (
    x = [-1.208323e-05, -1.5322141e-05, -1.5883401e-05, -1.4708069e-05, -9.9537046e-06, -6.8252048e-06, -6.5522909e-06, -6.4976193e-06, -7.8578887e-06, -3.3562683e-06, -4.5553606e-06, -4.0770974e-06, -6.5082277e-06, 6.4255437e-07, 3.0094088e-06, 7.7603763e-06, 1.03575e-05, 1.4642112e-05, 2.1193206e-05, 2.9102957e-05, 2.7732924e-05, 3.684908e-05, 4.2734784e-05, 5.0829258e-05, 5.6837627e-05, 6.00323e-05, 6.3405343e-05, 6.9060668e-05, 7.3988223e-05, 6.5212662e-05, 6.1174644e-05, 6.522164e-05, 6.5469547e-05],
    y = [-4.2842985e-05, -7.8028163e-05, -0.00010430744, -0.00011965542, -0.00011230911, -0.00010101758, -9.0510985e-05, -8.9836132e-05, -8.4552848e-05, -7.8249577e-05, -7.4725875e-05, -7.2302231e-05, -6.6426386e-05, -6.3059706e-05, -6.3736516e-05, -4.9473616e-05, -4.8984664e-05, -4.478253e-05, -3.3649529e-05, -2.5603586e-05, -2.0698324e-05, -4.0218292e-06, -9.519812e-06, -4.270114e-07, -3.1779637e-06, 3.7994469e-06, 2.0257547e-05, 2.1784857e-05, 2.947358e-05, 4.7096182e-05, 5.7464582e-05, 0.00010288294, 0.00012863323],
    z = [-0.0023888845, -0.0023337696, -0.0022583082, -0.0020914986, -0.0020851824, -0.0021211558, -0.0022931008, -0.0023447431, -0.00238031, -0.0024070905, -0.0023611798, -0.002429791, -0.0024918234, -0.0026241136, -0.0024951342, -0.0023812056, -0.0024177346, -0.0025181617, -0.002594274, -0.0026517138, -0.0027943396, -0.0027589633, -0.0025276216, -0.0025313715, -0.0025337827, -0.0023929356, -0.0024410943, -0.0020384348, -0.0019571632, -0.0017542536, -0.0016219744, -0.0017469996, -0.0016728374],
    t = [0, 0.00976562, 0.0390625, 0.087890618, 0.15625, 0.24414062, 0.3515625, 0.47851562, 0.625, 0.79101562, 0.9765625, 1.1816406, 1.40625, 1.6503906, 1.9140625, 2.1972656, 2.5, 2.8222656, 3.1640625, 3.5253906, 3.90625, 4.3066406, 4.7265625, 5.1660156, 5.625, 6.1035156, 6.6015625, 7.1191406, 7.65625, 8.2128906, 8.7890625, 9.3847656, 10] ),
  velocity = (
    x = [0.0024738312, -5.1498413e-05, 0.0023593903, 0.0030612946, 0.0024471283, 0.0010509491, 0.0028114319, 0.0021076202, 0.0034809113, 0.0013942719, -0.0015239716, -0.00030899048, 0.00033187866, 0.0014629364, -0.0046424866, -0.0018215179, -0.0012626648, -0.0015506744, -0.0079231262, -0.0012454987, -0.0037117004, -0.00060844421, -0.0025367737, -0.0022697449, -0.0033397675, -0.0016651154, -5.7220459e-06, 0.0013389587, 0.0014152527, 0.0026397705, 0.0017185211, 0.0023765564, 0.0071163177],
    y = [0.00025105558, 0.00026822323, 0.00033606566, 0.00023814556, 0.000325029, 0.00020401605, 0.00046595361, 0.00037683576, 0.00026759831, 0.0002909305, 0.00032216869, 0.00017802196, 0.00036953785, 0.00011114404, 0.00027539139, 0.00034048571, 0.00019268494, 0.00026465207, 0.0002797679, 9.18468e-05, -4.9862545e-05, -4.6317e-05, -6.3199259e-05, -0.00021352601, -0.00014187582, 0.0002275547, 0.00032893149, -2.0364532e-06, 0.00022312999, 4.2447355e-05, -9.6193457e-05, -8.1576873e-05, -0.00020699669],
    z = [-0.0062644668, -0.0063204733, -0.0061766542, -0.0060094516, -0.0057484694, -0.0052795513, -0.0048903008, -0.0041269413, -0.0032626081, -0.0023447988, -0.0015324194, -0.00038277707, 0.00035310979, 0.0014748112, 0.0026270035, 0.0034075449, 0.0043182117, 0.0052862144, 0.0061138729, 0.0065160734, 0.0068189311, 0.0069651054, 0.0070997905, 0.0070176087, 0.00692921, 0.006359092, 0.0059974957, 0.0051499596, 0.0042903638, 0.003844348, 0.0034225548, 0.003090132, 0.0033974187],
    t = [0, 0.00976562, 0.0390625, 0.087890618, 0.15625, 0.24414062, 0.3515625, 0.47851562, 0.625, 0.79101562, 0.9765625, 1.1816406, 1.40625, 1.6503906, 1.9140625, 2.1972656, 2.5, 2.8222656, 3.1640625, 3.5253906, 3.90625, 4.3066406, 4.7265625, 5.1660156, 5.625, 6.1035156, 6.6015625, 7.1191406, 7.65625, 8.2128906, 8.7890625, 9.3847656, 10] ),
  orientationRate = (
    x = [-8.2001643e-06, -7.6592441e-06, -9.0942485e-06, -7.928189e-06, -7.6434371e-06, -4.3225882e-06, -2.7783972e-06, -2.1250708e-06, -2.1641972e-07, -9.2499704e-07, 2.4110195e-06, 2.9521225e-06, 6.4302294e-06, 9.0562571e-06, 6.515118e-06, 6.5692584e-06, 7.72495e-06, 8.0818281e-06, 9.4822317e-06, 1.0116208e-05, 1.152149e-05, 9.9728932e-06, 1.1137759e-05, 8.6100026e-06, 9.1996535e-06, 9.5207215e-06, 8.1068065e-06, 6.4531705e-06, 6.6610337e-06, 5.66995e-06, 4.9606751e-06, 4.26131e-06, 4.6402638e-06],
    y = [1.439725e-05, 9.4413117e-06, 1.0714048e-05, 7.0038368e-06, 1.328811e-05, 6.8281952e-06, -1.7627899e-06, -1.183743e-05, 1.5752521e-06, 1.2312339e-06, 3.7070677e-06, 1.0673961e-05, 1.0328473e-05, 1.5168978e-05, 1.5794161e-05, 1.8653704e-05, 2.1104715e-05, 2.418946e-05, 2.3957051e-05, 2.556901e-05, 2.5383946e-05, 2.0095133e-05, 1.7344875e-05, 1.3515819e-05, 1.0959498e-05, 8.0910395e-06, 6.9015223e-06, 7.4404525e-06, 9.4965653e-06, 7.9554156e-06, 1.1818222e-05, 1.158769e-05, 1.699166e-05],
    z = [3.0947966e-05, 2.5277375e-05, 2.2205873e-05, 2.2092368e-05, 1.0521908e-05, 3.9573992e-05, -3.5728444e-06, 1.1754455e-05, -8.0853933e-06, -8.69506e-06, -2.0160165e-05, -1.6992155e-05, -1.6241713e-05, -1.0779357e-05, 3.843219e-06, -1.586508e-06, -3.025285e-06, -8.4975036e-06, 7.5798016e-07, 1.3074896e-05, -6.2618783e-06, 2.1136948e-06, 8.1391481e-06, -8.2476472e-06, -2.6743073e-06, 3.7152786e-06, 3.6097481e-07, 1.7642597e-06, -7.0442911e-07, -1.5185069e-06, -2.6354683e-06, -6.9045927e-07, -2.7639035e-06],
    t = [0, 0.00976562, 0.0390625, 0.087890618, 0.15625, 0.24414062, 0.3515625, 0.47851562, 0.625, 0.79101562, 0.9765625, 1.1816406, 1.40625, 1.6503906, 1.9140625, 2.1972656, 2.5, 2.8222656, 3.1640625, 3.5253906, 3.90625, 4.3066406, 4.7265625, 5.1660156, 5.625, 6.1035156, 6.6015625, 7.1191406, 7.65625, 8.2128906, 8.7890625, 9.3847656, 10] ),
  laneLines = [
    ( x = [0, 0.1875, 0.75, 1.6875, 3, 4.6875, 6.75, 9.1875, 12, 15.1875, 18.75, 22.6875, 27, 31.6875, 36.75, 42.1875, 48, 54.1875, 60.75, 67.6875, 75, 82.6875, 90.75, 99.1875, 108, 117.1875, 126.75, 136.6875, 147, 157.6875, 168.75, 180.1875, 192],
      y = [-5.5399523, -5.4768715, -5.4850545, -5.52274, -5.4400282, -5.4138646, -5.3807454, -5.3005462, -5.1743131, -5.1806045, -5.05233, -5.0104566, -5.0078578, -4.9859653, -4.8529677, -4.7565656, -4.5175834, -4.3214617, -4.7015681, -4.5885029, -4.3508878, -3.8448594, -4.2876682, -4.0056868, -4.12984, -3.6504076, -3.57927, -3.6057248, -3.19171, -3.5899823, -2.8746078, -3.1077309, -3.9943347],
      z = [1.3300332, 1.3356612, 1.3293198, 1.3191757, 1.2955058, 1.2655538, 1.2370303, 1.1947451, 1.1566757, 1.1159341, 1.0814118, 1.0519881, 1.0235008, 1.0018638, 0.96828085, 0.96153283, 0.95828, 0.88161087, 0.90380037, 0.88351339, 0.90526807, 0.84760511, 0.92458832, 0.78403783, 0.81285459, 0.85740846, 0.67643744, 0.57784194, 0.6552068, 0.5787046, 0.30227602, 0.24372721, 0.30611324],
      t = [0, 10, nan, nan, nan, nan, nan, nan, nan, nan, nan, nan, nan, nan, nan, nan, nan, nan, nan, nan, nan, nan, nan, nan, nan, nan, nan, nan, nan, nan, nan, nan, nan] ),
    ( x = [0, 0.1875, 0.75, 1.6875, 3, 4.6875, 6.75, 9.1875, 12, 15.1875, 18.75, 22.6875, 27, 31.6875, 36.75, 42.1875, 48, 54.1875, 60.75, 67.6875, 75, 82.6875, 90.75, 99.1875, 108, 117.1875, 126.75, 136.6875, 147, 157.6875, 168.75, 180.1875, 192],
      y = [-2.0628107, -2.0612979, -2.0577512, -2.053165, -2.0444541, -2.0293202, -2.0098138, -1.97907, -1.9419636, -1.8905258, -1.8419424, -1.7864141, -1.7454088, -1.7089962, -1.6794567, -1.6608777, -1.6511081, -1.6177619, -1.613508, -1.6067122, -1.5773916, -1.5567135, -1.5085218, -1.4395536, -1.3458079, -1.2378817, -1.0753241, -0.98065376, -0.80422807, -0.52008343, -0.3602128, -0.048680782, 0.2355175],
      z = [1.2979261, 1.297098, 1.2941473, 1.2885244, 1.2800695, 1.2664899, 1.2462797, 1.2175674, 1.1796546, 1.1348866, 1.0867013, 1.0404618, 1.0017951, 0.97309172, 0.95308912, 0.94173855, 0.93479848, 0.93482494, 0.93820226, 0.94319594, 0.94701087, 0.95248109, 0.95018804, 0.93882751, 0.91672635, 0.88318247, 0.839442, 0.76651609, 0.67970079, 0.57806987, 0.45236242, 0.30347103, 0.1214388],
      t = [0, 10, nan, nan, nan, nan, nan, nan, nan, nan, nan, nan, nan, nan, nan, nan, nan, nan, nan, nan, nan, nan, nan, nan, nan, nan, nan, nan, nan, nan, nan, nan, nan] ),
    ( x = [0, 0.1875, 0.75, 1.6875, 3, 4.6875, 6.75, 9.1875, 12, 15.1875, 18.75, 22.6875, 27, 31.6875, 36.75, 42.1875, 48, 54.1875, 60.75, 67.6875, 75, 82.6875, 90.75, 99.1875, 108, 117.1875, 126.75, 136.6875, 147, 157.6875, 168.75, 180.1875, 192],
      y = [1.1518798, 1.1495962, 1.1522131, 1.1514771, 1.1359398, 1.1227903, 1.1078751, 1.0955725, 1.0800238, 1.0865088, 1.0870793, 1.1033261, 1.1709377, 1.1972867, 1.2601275, 1.3536958, 1.4724392, 1.5038252, 1.6332742, 1.730373, 1.7858293, 1.9288983, 2.3410764, 2.2636542, 2.2448623, 2.7682216, 2.677876, 3.0041826, 2.6215622, 2.5990536, 3.5185626, 3.2144227, 3.2772002],
      z = [1.3196188, 1.3175235, 1.3155692, 1.3078279, 1.2987586, 1.2852867, 1.2646586, 1.2376515, 1.206471, 1.1682022, 1.1289825, 1.0877521, 1.0541829, 1.0275347, 1.0080411, 0.98382467, 0.96694463, 0.942715, 0.93487692, 0.92958009, 0.91230261, 0.9189418, 0.9012208, 0.88214386, 0.86839139, 0.8595801, 0.78321326, 0.779101, 0.72634393, 0.63747746, 0.60011, 0.45949841, 0.42546356],
      t = [0, 10, nan, nan, nan, nan, nan, nan, nan, nan, nan, nan, nan, nan, nan, nan, nan, nan, nan, nan, nan, nan, nan, nan, nan, nan, nan, nan, nan, nan, nan, nan, nan] ),
    ( x = [0, 0.1875, 0.75, 1.6875, 3, 4.6875, 6.75, 9.1875, 12, 15.1875, 18.75, 22.6875, 27, 31.6875, 36.75, 42.1875, 48, 54.1875, 60.75, 67.6875, 75, 82.6875, 90.75, 99.1875, 108, 117.1875, 126.75, 136.6875, 147, 157.6875, 168.75, 180.1875, 192],
      y = [4.3610516, 4.388731, 4.3996816, 4.4262257, 4.4780784, 4.4010363, 4.3896008, 4.398807, 4.3345013, 4.2350254, 4.1078987, 3.9688377, 4.0169678, 4.0591249, 4.0197239, 3.9904268, 4.0406566, 4.1616383, 4.2036705, 4.363719, 4.2483921, 4.4690256, 4.5847259, 4.5200915, 4.8567915, 5.0610962, 4.8195686, 4.153964, 5.2256784, 4.6327333, 4.9631548, 5.3963685, 3.7748652],
      z = [1.3951838, 1.3913099, 1.3823029, 1.3849144, 1.3648779, 1.3507674, 1.3252939, 1.2933929, 1.2519867, 1.1967322, 1.1417089, 1.077684, 1.0517116, 1.0279639, 1.0090935, 1.0207968, 1.0156293, 0.99863678, 1.0010234, 1.0187353, 1.0273168, 1.0106987, 0.94822448, 1.0234914, 0.95158517, 0.94640529, 0.93646854, 0.787408, 0.81210506, 0.73198092, 0.55320805, 0.23332727, 0.20952487],
      t = [0, 10, nan, nan, nan, nan, nan, nan, nan, nan, nan, nan, nan, nan, nan, nan, nan, nan, nan, nan, nan, nan, nan, nan, nan, nan, nan, nan, nan, nan, nan, nan, nan] ) ],
  laneLineProbs = [0.03992876, 0.15499952, 0.26657295, 0.037845917],
  roadEdges = [
    ( x = [0, 0.1875, 0.75, 1.6875, 3, 4.6875, 6.75, 9.1875, 12, 15.1875, 18.75, 22.6875, 27, 31.6875, 36.75, 42.1875, 48, 54.1875, 60.75, 67.6875, 75, 82.6875, 90.75, 99.1875, 108, 117.1875, 126.75, 136.6875, 147, 157.6875, 168.75, 180.1875, 192],
      y = [-10.952736, -10.98572, -10.923866, -10.939314, -10.893415, -10.884209, -10.835596, -10.759535, -10.674354, -10.555988, -10.431103, -10.139208, -9.8792391, -9.562089, -9.2496872, -8.89614, -8.5489082, -8.1808624, -7.9160147, -7.5800042, -7.3272104, -7.0873923, -6.8738461, -6.7318931, -6.6216846, -6.59976, -6.6059475, -6.6376967, -6.8084378, -6.9514604, -7.1881537, -7.4738922, -7.7926812],
      z = [1.2318853, 1.2309008, 1.2324179, 1.2298298, 1.2313937, 1.2275814, 1.2226615, 1.216602, 1.2075177, 1.1927292, 1.1710848, 1.1437012, 1.1098695, 1.0684367, 1.0224854, 0.97437847, 0.9220714, 0.86873907, 0.80968249, 0.74992359, 0.69746447, 0.63539433, 0.56863862, 0.51256478, 0.45207447, 0.39241683, 0.34571648, 0.29788065, 0.24421024, 0.1994133, 0.16829085, 0.1240809, 0.076882362],
      t = [0, 10, nan, nan, nan, nan, nan, nan, nan, nan, nan, nan, nan, nan, nan, nan, nan, nan, nan, nan, nan, nan, nan, nan, nan, nan, nan, nan, nan, nan, nan, nan, nan] ),
    ( x = [0, 0.1875, 0.75, 1.6875, 3, 4.6875, 6.75, 9.1875, 12, 15.1875, 18.75, 22.6875, 27, 31.6875, 36.75, 42.1875, 48, 54.1875, 60.75, 67.6875, 75, 82.6875, 90.75, 99.1875, 108, 117.1875, 126.75, 136.6875, 147, 157.6875, 168.75, 180.1875, 192],
      y = [5.9707904, 5.9761357, 5.9851813, 5.9739013, 5.9734159, 5.9586763, 5.9506435, 5.927547, 5.9043684, 5.8613524, 5.7920437, 5.7018585, 5.5812445, 5.4533405, 5.3266315, 5.2344055, 5.1676292, 5.1316986, 5.1140804, 5.1484437, 5.2030168, 5.311409, 5.43676, 5.602273, 5.7785015, 6.0239491, 6.2658892, 6.5679817, 6.8966579, 7.2324581, 7.6616287, 8.0831842, 8.4984283],
      z = [1.3121057, 1.3120736, 1.3111291, 1.3097937, 1.3079598, 1.3042367, 1.2993792, 1.2917331, 1.2810361, 1.2655306, 1.2439574, 1.2157813, 1.1797328, 1.138278, 1.091298, 1.0416638, 0.98950356, 0.9369787, 0.88656479, 0.8341943, 0.7826829, 0.73300296, 0.68950254, 0.64494562, 0.60444975, 0.56720275, 0.53416443, 0.50798512, 0.48695409, 0.46605444, 0.44689596, 0.43433785, 0.42818069],
      t = [0, 10, nan, nan, nan, nan, nan, nan, nan, nan, nan, nan, nan, nan, nan, nan, nan, nan, nan, nan, nan, nan, nan, nan, nan, nan, nan, nan, nan, nan, nan, nan, nan] ) ],
  meta = (
    engagedProb = 0.00024275003,
    desirePrediction = [0.9977113, 0.00043985789, 0.0016606301, 5.8640358e-06, 3.8826574e-06, 1.7594097e-05, 0.00016091949, 8.0721256e-18, 0.9966197, 0.00072301546, 0.0023109335, 3.4518442e-05, 1.1265958e-05, 4.7446567e-05, 0.0002530755, 6.3466731e-18, 0.99631304, 0.00069033087, 0.0022719314, 7.1646842e-05, 2.8806444e-05, 0.00013067118, 0.0004936363, 7.3297487e-17, 0.996887, 0.00053705543, 0.0011649772, 0.0001935367, 4.9902443e-05, 0.00031865839, 0.00084885623, 3.4613766e-17],
    brakeDisengageProbDEPRECATED = 0,
    gasDisengageProbDEPRECATED = 0,
    steerOverrideProbDEPRECATED = 0,
    desireState = [0.99989855, 6.006458e-05, 3.4501496e-05, 1.2022886e-07, 1.2457199e-06, 2.0970674e-06, 3.4184768e-06, 4.154484e-15],
    disengagePredictions = (
      t = [2, 4, 6, 8, 10],
      brakeDisengageProbs = [0.004401281, 0.0068242424, 0.0074049132, 0.0081607057, 0.0093783988],
      gasDisengageProbs = [0.037410654, 0.1073927, 0.18379073, 0.21960534, 0.26627684],
      steerOverrideProbs = [0.013170586, 0.030406142, 0.067111664, 0.12010064, 0.18185329],
      brake3MetersPerSecondSquaredProbs = [1.25264e-05, 2.7276687e-05, 4.6371428e-05, 7.7447432e-05, 0.00013844023],
      brake4MetersPerSecondSquaredProbs = [1.2406819e-07, 1.1412743e-06, 2.2930396e-06, 5.7290786e-06, 1.4362946e-05],
      brake5MetersPerSecondSquaredProbs = [6.6468133e-09, 4.5975563e-07, 1.1423349e-06, 2.1228702e-06, 4.0001742e-06] ),
    hardBrakePredicted = false ),
  laneLineStds = [0.75424659, 0.30978265, 0.17188753, 0.660977],
  roadEdgeStds = [3.3236256, 1.7292522],
  modelExecutionTime = 0.017847225,
  gpuExecutionTime = 0,
  leadsV3 = [
    ( prob = 0.016975615,
      probTime = 0,
      t = [0, 2, 4, 6, 8, 10],
      x = [113.16866, 133.51141, 164.83954, 196.62108, 224.71875, 263.25433],
      xStd = [24.062658, 15.9082, 12.720263, 16.492592, 17.558743, 20.682768],
      y = [-0.63134187, 0.29727715, 0.10293445, -0.05786024, 0.68051726, -0.46479109],
      yStd = [1.3668128, 0.69918054, 1.5818392, 0.87606043, 0.82975566, 0.74024278],
      v = [16.309565, 15.961454, 16.023376, 16.122643, 16.726725, 16.599102],
      vStd = [2.4251018, 2.868371, 3.3642621, 3.4407411, 3.4146359, 3.7065105],
      a = [0.35414398, 0.15608752, 0.40412933, 0.34012359, 0.28459936, 0.25401071],
      aStd = [0.35325241, 0.50436676, 0.48771521, 0.53721148, 0.46784386, 0.50564104] ),
    ( prob = 0.012161196,
      probTime = 2,
      t = [0, 2, 4, 6, 8, 10],
      x = [68.457321, 91.728859, 119.01064, 140.24783, 171.62271, 192.5535],
      xStd = [7.78452, 5.9096265, 6.1129737, 8.1250811, 11.253563, 17.600584],
      y = [-0.20652202, -0.23076889, 0.13725527, -0.23940419, -0.47770673, -0.7225706],
      yStd = [1.1060616, 0.94808793, 1.5116343, 1.8698702, 1.3070185, 0.94365674],
      v = [10.734982, 12.243769, 13.654324, 14.055696, 12.992916, 13.313237],
      vStd = [1.0628735, 1.3540491, 2.4192073, 2.5721254, 3.3134413, 3.74613],
      a = [0.447712, 0.32697719, 0.41920257, 0.48250517, 0.35826603, 0.2638126],
      aStd = [0.54730892, 0.53537863, 0.54244179, 0.52220792, 0.56873512, 0.59016889] ),
    ( prob = 0.014490486,
      probTime = 4,
      t = [0, 2, 4, 6, 8, 10],
      x = [68.457321, 91.728859, 119.01064, 140.24783, 171.62271, 192.5535],
      xStd = [7.78452, 5.9096265, 6.1129737, 8.1250811, 11.253563, 17.600584],
      y = [-0.20652202, -0.23076889, 0.13725527, -0.23940419, -0.47770673, -0.7225706],
      yStd = [1.1060616, 0.94808793, 1.5116343, 1.8698702, 1.3070185, 0.94365674],
      v = [10.734982, 12.243769, 13.654324, 14.055696, 12.992916, 13.313237],
      vStd = [1.0628735, 1.3540491, 2.4192073, 2.5721254, 3.3134413, 3.74613],
      a = [0.447712, 0.32697719, 0.41920257, 0.48250517, 0.35826603, 0.2638126],
      aStd = [0.54730892, 0.53537863, 0.54244179, 0.52220792, 0.56873512, 0.59016889] ) ] 